<?xml version="1.0" encoding="UTF-8"?>
<coverage generated="1638660051952" clover="3.2.0">
  <project timestamp="1638660051953" name="All files">
    <metrics statements="82" coveredstatements="80" conditionals="49" coveredconditionals="46" methods="17" coveredmethods="17" elements="148" coveredelements="143" complexity="0" loc="82" ncloc="82" packages="1" files="2" classes="2"/>
    <file name="index.ts" path="/Users/jackson/O/jsonld2graphobject/src/index.ts">
      <metrics statements="1" coveredstatements="1" conditionals="0" coveredconditionals="0" methods="0" coveredmethods="0"/>
      <line num="1" count="1" type="stmt"/>
    </file>
    <file name="jsonld2ObjectGraph.ts" path="/Users/jackson/O/jsonld2graphobject/src/jsonld2ObjectGraph.ts">
      <metrics statements="81" coveredstatements="79" conditionals="49" coveredconditionals="46" methods="17" coveredmethods="17"/>
      <line num="2" count="1" type="stmt"/>
      <line num="6" count="1" type="stmt"/>
      <line num="8" count="1" type="stmt"/>
      <line num="11" count="109" type="cond" truecount="3" falsecount="0"/>
      <line num="32" count="23" type="cond" truecount="1" falsecount="0"/>
      <line num="33" count="18" type="stmt"/>
      <line num="38" count="23" type="cond" truecount="1" falsecount="0"/>
      <line num="39" count="21" type="stmt"/>
      <line num="41" count="23" type="stmt"/>
      <line num="52" count="35" type="cond" truecount="1" falsecount="0"/>
      <line num="53" count="13" type="stmt"/>
      <line num="58" count="35" type="cond" truecount="1" falsecount="0"/>
      <line num="59" count="21" type="stmt"/>
      <line num="69" count="23" type="cond" truecount="2" falsecount="0"/>
      <line num="88" count="35" type="stmt"/>
      <line num="92" count="35" type="cond" truecount="2" falsecount="0"/>
      <line num="93" count="61" type="cond" truecount="1" falsecount="0"/>
      <line num="94" count="9" type="stmt"/>
      <line num="98" count="9" type="stmt"/>
      <line num="99" count="16" type="cond" truecount="1" falsecount="0"/>
      <line num="100" count="2" type="stmt"/>
      <line num="105" count="41" type="stmt"/>
      <line num="106" count="41" type="cond" truecount="1" falsecount="0"/>
      <line num="107" count="39" type="cond" truecount="5" falsecount="0"/>
      <line num="108" count="11" type="stmt"/>
      <line num="109" count="28" type="cond" truecount="1" falsecount="0"/>
      <line num="110" count="1" type="stmt"/>
      <line num="116" count="35" type="cond" truecount="2" falsecount="0"/>
      <line num="117" count="35" type="cond" truecount="1" falsecount="0"/>
      <line num="118" count="31" type="stmt"/>
      <line num="120" count="35" type="stmt"/>
      <line num="123" count="70" type="stmt"/>
      <line num="124" count="113" type="stmt"/>
      <line num="125" count="221" type="cond" truecount="3" falsecount="0"/>
      <line num="126" count="10" type="stmt"/>
      <line num="127" count="12" type="stmt"/>
      <line num="128" count="12" type="cond" truecount="0" falsecount="1"/>
      <line num="129" count="24" type="stmt"/>
      <line num="140" count="113" type="cond" truecount="1" falsecount="0"/>
      <line num="143" count="94" type="cond" truecount="1" falsecount="0"/>
      <line num="144" count="8" type="stmt"/>
      <line num="151" count="8" type="stmt"/>
      <line num="152" count="81" type="cond" truecount="1" falsecount="0"/>
      <line num="153" count="10" type="stmt"/>
      <line num="154" count="7" type="stmt"/>
      <line num="155" count="10" type="cond" truecount="1" falsecount="0"/>
      <line num="156" count="4" type="stmt"/>
      <line num="163" count="4" type="stmt"/>
      <line num="164" count="3" type="cond" truecount="3" falsecount="0"/>
      <line num="165" count="3" type="stmt"/>
      <line num="169" count="38" type="cond" truecount="3" falsecount="0"/>
      <line num="170" count="8" type="stmt"/>
      <line num="175" count="35" type="stmt"/>
      <line num="177" count="35" type="stmt"/>
      <line num="185" count="1" type="stmt"/>
      <line num="189" count="11" type="stmt"/>
      <line num="192" count="11" type="stmt"/>
      <line num="193" count="11" type="stmt"/>
      <line num="194" count="22" type="stmt"/>
      <line num="197" count="11" type="stmt"/>
      <line num="198" count="31" type="stmt"/>
      <line num="199" count="31" type="stmt"/>
      <line num="200" count="35" type="stmt"/>
      <line num="205" count="11" type="stmt"/>
      <line num="206" count="11" type="cond" truecount="0" falsecount="1"/>
      <line num="207" count="0" type="stmt"/>
      <line num="210" count="11" type="stmt"/>
      <line num="212" count="22" type="stmt"/>
      <line num="213" count="31" type="stmt"/>
      <line num="214" count="31" type="stmt"/>
      <line num="217" count="41" type="cond" truecount="1" falsecount="0"/>
      <line num="221" count="21" type="stmt"/>
      <line num="225" count="31" type="stmt"/>
      <line num="226" count="21" type="stmt"/>
      <line num="227" count="21" type="cond" truecount="2" falsecount="0"/>
      <line num="238" count="16" type="stmt"/>
      <line num="240" count="5" type="stmt"/>
      <line num="241" count="7" type="stmt"/>
      <line num="250" count="11" type="cond" truecount="2" falsecount="1"/>
      <line num="251" count="0" type="stmt"/>
      <line num="254" count="11" type="stmt"/>
    </file>
  </project>
</coverage>
