{"/Users/jackson/O/jsonld2graphobject/src/dataset2ObjectGraph.ts": {"path":"/Users/jackson/O/jsonld2graphobject/src/dataset2ObjectGraph.ts","statementMap":{"0":{"start":{"line":2,"column":0},"end":{"line":2,"column":66}},"1":{"start":{"line":3,"column":0},"end":{"line":3,"column":54}},"2":{"start":{"line":5,"column":22},"end":{"line":5,"column":41}},"3":{"start":{"line":8,"column":2},"end":{"line":8,"column":78}},"4":{"start":{"line":25,"column":6},"end":{"line":25,"column":14}},"5":{"start":{"line":26,"column":4},"end":{"line":31,"column":6}},"6":{"start":{"line":33,"column":13},"end":{"line":33,"column":18}},"7":{"start":{"line":34,"column":4},"end":{"line":45,"column":6}},"8":{"start":{"line":35,"column":31},"end":{"line":44,"column":8}},"9":{"start":{"line":36,"column":8},"end":{"line":43,"column":10}},"10":{"start":{"line":48,"column":9},"end":{"line":53,"column":null}},"11":{"start":{"line":49,"column":4},"end":{"line":52,"column":7}},"12":{"start":{"line":64,"column":2},"end":{"line":66,"column":null}},"13":{"start":{"line":65,"column":4},"end":{"line":65,"column":43}},"14":{"start":{"line":70,"column":8},"end":{"line":70,"column":76}},"15":{"start":{"line":71,"column":6},"end":{"line":71,"column":12}},"16":{"start":{"line":76,"column":7},"end":{"line":76,"column":53}},"17":{"start":{"line":72,"column":10},"end":{"line":76,"column":null}},"18":{"start":{"line":77,"column":4},"end":{"line":84,"column":7}},"19":{"start":{"line":77,"column":37},"end":{"line":77,"column":38}},"20":{"start":{"line":77,"column":41},"end":{"line":77,"column":43}},"21":{"start":{"line":77,"column":48},"end":{"line":77,"column":49}},"22":{"start":{"line":78,"column":6},"end":{"line":78,"column":40}},"23":{"start":{"line":78,"column":33},"end":{"line":78,"column":40}},"24":{"start":{"line":79,"column":6},"end":{"line":83,"column":null}},"25":{"start":{"line":80,"column":8},"end":{"line":80,"column":30}},"26":{"start":{"line":81,"column":13},"end":{"line":83,"column":null}},"27":{"start":{"line":82,"column":8},"end":{"line":82,"column":33}},"28":{"start":{"line":88,"column":2},"end":{"line":90,"column":null}},"29":{"start":{"line":89,"column":4},"end":{"line":89,"column":34}},"30":{"start":{"line":93,"column":2},"end":{"line":105,"column":4}},"31":{"start":{"line":94,"column":38},"end":{"line":94,"column":39}},"32":{"start":{"line":94,"column":42},"end":{"line":94,"column":44}},"33":{"start":{"line":94,"column":49},"end":{"line":94,"column":50}},"34":{"start":{"line":95,"column":6},"end":{"line":95,"column":40}},"35":{"start":{"line":95,"column":33},"end":{"line":95,"column":40}},"36":{"start":{"line":96,"column":6},"end":{"line":103,"column":8}},"37":{"start":{"line":113,"column":29},"end":{"line":113,"column":40}},"38":{"start":{"line":113,"column":40},"end":{"line":113,"column":64}},"39":{"start":{"line":113,"column":23},"end":{"line":113,"column":null}},"40":{"start":{"line":113,"column":8},"end":{"line":113,"column":null}},"41":{"start":{"line":115,"column":2},"end":{"line":115,"column":28}},"42":{"start":{"line":118,"column":8},"end":{"line":118,"column":47}},"43":{"start":{"line":119,"column":8},"end":{"line":119,"column":49}},"44":{"start":{"line":120,"column":2},"end":{"line":120,"column":75}},"45":{"start":{"line":121,"column":2},"end":{"line":132,"column":5}},"46":{"start":{"line":122,"column":22},"end":{"line":122,"column":63}},"47":{"start":{"line":123,"column":4},"end":{"line":131,"column":null}},"48":{"start":{"line":124,"column":6},"end":{"line":124,"column":67}},"49":{"start":{"line":125,"column":11},"end":{"line":131,"column":null}},"50":{"start":{"line":126,"column":6},"end":{"line":130,"column":9}},"51":{"start":{"line":127,"column":8},"end":{"line":129,"column":null}},"52":{"start":{"line":128,"column":10},"end":{"line":128,"column":49}},"53":{"start":{"line":134,"column":2},"end":{"line":134,"column":36}},"54":{"start":{"line":108,"column":0},"end":{"line":108,"column":22}}},"fnMap":{"0":{"name":"isObject","decl":{"start":{"line":7,"column":9},"end":{"line":7,"column":17}},"loc":{"start":{"line":7,"column":32},"end":{"line":9,"column":1}}},"1":{"name":"evaluateTraversedObject","decl":{"start":{"line":16,"column":15},"end":{"line":16,"column":38}},"loc":{"start":{"line":22,"column":27},"end":{"line":54,"column":null}}},"2":{"name":"(anonymous_18)","decl":{"start":{"line":35,"column":16},"end":{"line":35,"column":23}},"loc":{"start":{"line":35,"column":31},"end":{"line":44,"column":8}}},"3":{"name":"(anonymous_19)","decl":{"start":{"line":35,"column":31},"end":{"line":35,"column":null}},"loc":{"start":{"line":35,"column":31},"end":{"line":44,"column":8}}},"4":{"name":"traverseNodesForIdsAndLeafs","decl":{"start":{"line":56,"column":15},"end":{"line":56,"column":42}},"loc":{"start":{"line":61,"column":34},"end":{"line":106,"column":null}}},"5":{"name":"(anonymous_24)","decl":{"start":{"line":77,"column":36},"end":{"line":77,"column":37}},"loc":{"start":{"line":77,"column":49},"end":{"line":84,"column":5}}},"6":{"name":"(anonymous_25)","decl":{"start":{"line":94,"column":31},"end":{"line":94,"column":38}},"loc":{"start":{"line":94,"column":50},"end":{"line":104,"column":6}}},"7":{"name":"dataset2ObjectGraph","decl":{"start":{"line":108,"column":22},"end":{"line":108,"column":41}},"loc":{"start":{"line":110,"column":19},"end":{"line":135,"column":null}}},"8":{"name":"(anonymous_31)","decl":{"start":{"line":121,"column":27},"end":{"line":121,"column":28}},"loc":{"start":{"line":121,"column":43},"end":{"line":132,"column":3}}},"9":{"name":"(anonymous_32)","decl":{"start":{"line":126,"column":24},"end":{"line":126,"column":25}},"loc":{"start":{"line":126,"column":44},"end":{"line":130,"column":7}}}},"branchMap":{"0":{"loc":{"start":{"line":8,"column":9},"end":{"line":8,"column":77}},"type":"binary-expr","locations":[{"start":{"line":8,"column":9},"end":{"line":8,"column":34}},{"start":{"line":8,"column":38},"end":{"line":8,"column":59}},{"start":{"line":8,"column":63},"end":{"line":8,"column":77}}]},"1":{"loc":{"start":{"line":25,"column":6},"end":{"line":25,"column":14}},"type":"if","locations":[{"start":{"line":25,"column":6},"end":{"line":25,"column":14}}]},"2":{"loc":{"start":{"line":33,"column":13},"end":{"line":33,"column":18}},"type":"if","locations":[{"start":{"line":33,"column":13},"end":{"line":33,"column":18}}]},"3":{"loc":{"start":{"line":36,"column":8},"end":{"line":43,"column":10}},"type":"switch","locations":[{"start":{"line":36,"column":8},"end":{"line":43,"column":10}}]},"4":{"loc":{"start":{"line":48,"column":9},"end":{"line":53,"column":null}},"type":"if","locations":[{"start":{"line":48,"column":9},"end":{"line":53,"column":null}}]},"5":{"loc":{"start":{"line":48,"column":13},"end":{"line":48,"column":71}},"type":"binary-expr","locations":[{"start":{"line":48,"column":13},"end":{"line":48,"column":38}},{"start":{"line":48,"column":42},"end":{"line":48,"column":71}}]},"6":{"loc":{"start":{"line":64,"column":2},"end":{"line":66,"column":null}},"type":"if","locations":[{"start":{"line":64,"column":2},"end":{"line":66,"column":null}}]},"7":{"loc":{"start":{"line":64,"column":6},"end":{"line":64,"column":48}},"type":"binary-expr","locations":[{"start":{"line":64,"column":6},"end":{"line":64,"column":25}},{"start":{"line":64,"column":29},"end":{"line":64,"column":48}}]},"8":{"loc":{"start":{"line":70,"column":36},"end":{"line":70,"column":75}},"type":"binary-expr","locations":[{"start":{"line":70,"column":36},"end":{"line":70,"column":54}},{"start":{"line":70,"column":58},"end":{"line":70,"column":75}}]},"9":{"loc":{"start":{"line":71,"column":6},"end":{"line":71,"column":12}},"type":"if","locations":[{"start":{"line":71,"column":6},"end":{"line":71,"column":12}}]},"10":{"loc":{"start":{"line":78,"column":6},"end":{"line":78,"column":40}},"type":"if","locations":[{"start":{"line":78,"column":6},"end":{"line":78,"column":40}}]},"11":{"loc":{"start":{"line":79,"column":6},"end":{"line":83,"column":null}},"type":"if","locations":[{"start":{"line":79,"column":6},"end":{"line":83,"column":null}},{"start":{"line":81,"column":13},"end":{"line":83,"column":null}}]},"12":{"loc":{"start":{"line":79,"column":10},"end":{"line":79,"column":71}},"type":"binary-expr","locations":[{"start":{"line":79,"column":10},"end":{"line":79,"column":25}},{"start":{"line":79,"column":29},"end":{"line":79,"column":43}},{"start":{"line":79,"column":47},"end":{"line":79,"column":71}}]},"13":{"loc":{"start":{"line":81,"column":13},"end":{"line":83,"column":null}},"type":"if","locations":[{"start":{"line":81,"column":13},"end":{"line":83,"column":null}}]},"14":{"loc":{"start":{"line":88,"column":2},"end":{"line":90,"column":null}},"type":"if","locations":[{"start":{"line":88,"column":2},"end":{"line":90,"column":null}}]},"15":{"loc":{"start":{"line":95,"column":6},"end":{"line":95,"column":40}},"type":"if","locations":[{"start":{"line":95,"column":6},"end":{"line":95,"column":40}}]},"16":{"loc":{"start":{"line":113,"column":23},"end":{"line":113,"column":null}},"type":"switch","locations":[{"start":{"line":113,"column":23},"end":{"line":113,"column":null}}]},"17":{"loc":{"start":{"line":123,"column":4},"end":{"line":131,"column":null}},"type":"if","locations":[{"start":{"line":123,"column":4},"end":{"line":131,"column":null}},{"start":{"line":125,"column":11},"end":{"line":131,"column":null}}]},"18":{"loc":{"start":{"line":123,"column":8},"end":{"line":123,"column":57}},"type":"binary-expr","locations":[{"start":{"line":123,"column":8},"end":{"line":123,"column":37}},{"start":{"line":123,"column":41},"end":{"line":123,"column":57}}]},"19":{"loc":{"start":{"line":125,"column":11},"end":{"line":131,"column":null}},"type":"if","locations":[{"start":{"line":125,"column":11},"end":{"line":131,"column":null}}]},"20":{"loc":{"start":{"line":127,"column":8},"end":{"line":129,"column":null}},"type":"if","locations":[{"start":{"line":127,"column":8},"end":{"line":129,"column":null}}]},"21":{"loc":{"start":{"line":127,"column":12},"end":{"line":127,"column":67}},"type":"binary-expr","locations":[{"start":{"line":127,"column":12},"end":{"line":127,"column":44}},{"start":{"line":127,"column":48},"end":{"line":127,"column":67}}]}},"s":{"0":1,"1":1,"2":1,"3":17,"4":18,"5":4,"6":15,"7":2,"8":2,"9":4,"10":7,"11":2,"12":3,"13":0,"14":3,"15":5,"16":1,"17":1,"18":1,"19":7,"20":7,"21":7,"22":7,"23":0,"24":7,"25":2,"26":5,"27":0,"28":3,"29":3,"30":6,"31":15,"32":15,"33":15,"34":15,"35":7,"36":16,"37":1,"38":1,"39":1,"40":1,"41":1,"42":1,"43":1,"44":2,"45":1,"46":2,"47":2,"48":2,"49":0,"50":0,"51":0,"52":0,"53":1,"54":1},"f":{"0":17,"1":10,"2":2,"3":2,"4":3,"5":7,"6":15,"7":1,"8":2,"9":0},"b":{"0":[17,5,4],"1":[8],"2":[7],"3":[2],"4":[2],"5":[7,7],"6":[0],"7":[3,2],"8":[3,1],"9":[2],"10":[0],"11":[2,5],"12":[7,2,2],"13":[0],"14":[3],"15":[7],"16":[1],"17":[2,0],"18":[2,2],"19":[0],"20":[0],"21":[0,0]}}
,"/Users/jackson/O/jsonld2graphobject/src/index.ts": {"path":"/Users/jackson/O/jsonld2graphobject/src/index.ts","statementMap":{"0":{"start":{"line":3,"column":0},"end":{"line":3,"column":38}},"1":{"start":{"line":6,"column":2},"end":{"line":6,"column":37}},"2":{"start":{"line":5,"column":0},"end":{"line":5,"column":16}}},"fnMap":{"0":{"name":"ObjectGraph2Dataset","decl":{"start":{"line":5,"column":16},"end":{"line":5,"column":35}},"loc":{"start":{"line":5,"column":59},"end":{"line":7,"column":1}}}},"branchMap":{},"s":{"0":1,"1":0,"2":1},"f":{"0":0},"b":{}}
}
