TN:
SF:src/dataset2ObjectGraph.ts
FN:7,isObject
FN:16,evaluateTraversedObject
FN:35,(anonymous_18)
FN:35,(anonymous_19)
FN:56,traverseNodesForIdsAndLeafs
FN:77,(anonymous_24)
FN:94,(anonymous_25)
FN:108,dataset2ObjectGraph
FN:119,(anonymous_31)
FN:124,(anonymous_32)
FNF:10
FNH:9
FNDA:17,isObject
FNDA:10,evaluateTraversedObject
FNDA:2,(anonymous_18)
FNDA:2,(anonymous_19)
FNDA:3,traverseNodesForIdsAndLeafs
FNDA:7,(anonymous_24)
FNDA:15,(anonymous_25)
FNDA:1,dataset2ObjectGraph
FNDA:2,(anonymous_31)
FNDA:0,(anonymous_32)
DA:2,1
DA:3,1
DA:5,1
DA:8,17
DA:25,18
DA:26,4
DA:33,15
DA:34,2
DA:35,2
DA:36,4
DA:48,7
DA:49,2
DA:64,3
DA:65,0
DA:70,3
DA:71,5
DA:72,1
DA:76,1
DA:77,7
DA:78,7
DA:79,7
DA:80,2
DA:81,5
DA:82,0
DA:88,3
DA:89,3
DA:93,6
DA:94,15
DA:95,15
DA:96,16
DA:108,1
DA:113,1
DA:116,1
DA:117,1
DA:118,2
DA:119,1
DA:120,2
DA:121,2
DA:122,2
DA:123,0
DA:124,0
DA:125,0
DA:126,0
DA:132,1
LF:44
LH:38
BRDA:8,0,0,17
BRDA:8,0,1,5
BRDA:8,0,2,4
BRDA:25,1,0,8
BRDA:33,2,0,7
BRDA:36,3,0,2
BRDA:48,4,0,2
BRDA:48,5,0,7
BRDA:48,5,1,7
BRDA:64,6,0,0
BRDA:64,7,0,3
BRDA:64,7,1,2
BRDA:70,8,0,3
BRDA:70,8,1,1
BRDA:71,9,0,2
BRDA:78,10,0,0
BRDA:79,11,0,2
BRDA:79,11,1,5
BRDA:79,12,0,7
BRDA:79,12,1,2
BRDA:79,12,2,2
BRDA:81,13,0,0
BRDA:88,14,0,3
BRDA:95,15,0,7
BRDA:113,16,0,1
BRDA:121,17,0,2
BRDA:121,17,1,0
BRDA:121,18,0,2
BRDA:121,18,1,2
BRDA:123,19,0,0
BRDA:125,20,0,0
BRDA:125,21,0,0
BRDA:125,21,1,0
BRF:33
BRH:25
end_of_record
TN:
SF:src/index.ts
FN:5,ObjectGraph2Dataset
FNF:1
FNH:0
FNDA:0,ObjectGraph2Dataset
DA:3,1
DA:5,1
DA:6,0
LF:3
LH:2
BRF:0
BRH:0
end_of_record
