TN:
SF:src/index.ts
FNF:0
FNH:0
DA:1,1
LF:1
LH:1
BRF:0
BRH:0
end_of_record
TN:
SF:src/jsonld2ObjectGraph.ts
FN:10,isObject
FN:26,setTripleArcs
FN:47,setScopedContext
FN:66,combineContexts
FN:80,traverseNodesForIdsAndLeafs
FN:105,(anonymous_25)
FN:124,(anonymous_26)
FN:127,(anonymous_29)
FN:127,(anonymous_30)
FN:154,(anonymous_32)
FN:154,(anonymous_33)
FN:185,json2ObjectGraph
FN:198,(anonymous_38)
FN:199,(anonymous_39)
FN:213,(anonymous_40)
FN:226,(anonymous_43)
FN:241,(anonymous_44)
FNF:17
FNH:17
FNDA:109,isObject
FNDA:23,setTripleArcs
FNDA:35,setScopedContext
FNDA:23,combineContexts
FNDA:35,traverseNodesForIdsAndLeafs
FNDA:41,(anonymous_25)
FNDA:113,(anonymous_26)
FNDA:12,(anonymous_29)
FNDA:12,(anonymous_30)
FNDA:7,(anonymous_32)
FNDA:7,(anonymous_33)
FNDA:11,json2ObjectGraph
FNDA:31,(anonymous_38)
FNDA:35,(anonymous_39)
FNDA:31,(anonymous_40)
FNDA:21,(anonymous_43)
FNDA:7,(anonymous_44)
DA:2,1
DA:6,1
DA:8,1
DA:11,109
DA:32,23
DA:33,18
DA:38,23
DA:39,21
DA:41,23
DA:52,35
DA:53,13
DA:58,35
DA:59,21
DA:69,23
DA:88,35
DA:92,35
DA:93,61
DA:94,9
DA:98,9
DA:99,16
DA:100,2
DA:105,41
DA:106,41
DA:107,39
DA:108,11
DA:109,28
DA:110,1
DA:116,35
DA:117,35
DA:118,31
DA:120,35
DA:123,70
DA:124,113
DA:125,221
DA:126,10
DA:127,12
DA:128,12
DA:129,24
DA:140,113
DA:143,94
DA:144,8
DA:151,8
DA:152,81
DA:153,10
DA:154,7
DA:155,10
DA:156,4
DA:163,4
DA:164,3
DA:165,3
DA:169,38
DA:170,8
DA:175,35
DA:177,35
DA:185,1
DA:189,11
DA:192,11
DA:193,11
DA:194,22
DA:197,11
DA:198,31
DA:199,31
DA:200,35
DA:205,11
DA:206,11
DA:207,0
DA:210,11
DA:212,22
DA:213,31
DA:214,31
DA:217,41
DA:221,21
DA:225,31
DA:226,21
DA:227,21
DA:238,16
DA:240,5
DA:241,7
DA:250,11
DA:251,0
DA:254,11
LF:81
LH:79
BRDA:11,0,0,109
BRDA:11,0,1,41
BRDA:11,0,2,36
BRDA:32,1,0,18
BRDA:38,2,0,21
BRDA:52,3,0,13
BRDA:58,4,0,21
BRDA:69,5,0,23
BRDA:69,5,1,23
BRDA:92,6,0,35
BRDA:92,6,1,11
BRDA:93,7,0,26
BRDA:99,8,0,7
BRDA:106,9,0,2
BRDA:107,10,0,11
BRDA:107,10,1,28
BRDA:107,11,0,39
BRDA:107,11,1,12
BRDA:107,11,2,12
BRDA:109,12,0,1
BRDA:116,13,0,35
BRDA:116,13,1,5
BRDA:117,14,0,31
BRDA:125,15,0,108
BRDA:125,16,0,113
BRDA:125,16,1,5
BRDA:128,17,0,0
BRDA:140,18,0,62
BRDA:143,19,0,43
BRDA:152,20,0,38
BRDA:155,21,0,3
BRDA:164,22,0,3
BRDA:164,23,0,3
BRDA:164,23,1,3
BRDA:169,24,0,8
BRDA:169,25,0,38
BRDA:169,25,1,38
BRDA:206,26,0,0
BRDA:217,27,0,10
BRDA:227,28,0,16
BRDA:227,28,1,5
BRDA:228,29,0,21
BRDA:228,29,1,19
BRDA:231,30,0,19
BRDA:231,30,1,13
BRDA:231,30,2,11
BRDA:250,31,0,0
BRDA:250,32,0,11
BRDA:250,32,1,7
BRF:49
BRH:46
end_of_record
